-------------------------------------------------------------------------------->8
[2025-12-28T09:21:56.458450914Z][docker-desktop-user-distro] syncContextStores <HOME>/.docker/contexts <-> /mnt/c/Users/torak/.docker/contexts
[2025-12-28T09:21:56.462474846Z][docker-desktop-user-distro] syncContextStores <HOME>/.docker/contexts <-> /mnt/c/Users/torak/.docker/contexts os.Symlink <HOME>/.docker/contexts -> /mnt/c/Users/torak/.docker/contexts
-------------------------------------------------------------------------------->8
[2025-12-28T09:21:56.770344433Z][docker-desktop-user-distro] linkPathToWindows windowsPath = /mnt/c/Users/torak/.aws, linkPath = <HOME>/.aws
-------------------------------------------------------------------------------->8
[2025-12-28T09:21:57.174022126Z][docker-desktop-user-distro] linkPathToWindows windowsPath = /mnt/c/Users/torak/.azure, linkPath = <HOME>/.azure
-------------------------------------------------------------------------------->8
[2025-12-28T09:21:57.579437045Z][docker-desktop-user-distro] linkPathToWindows windowsPath = /mnt/c/Users/torak/.docker/features.json, linkPath = ~/.docker/features.json
-------------------------------------------------------------------------------->8
[2025-12-29T14:57:05.324620431Z][docker-desktop-user-distro] syncContextStores <HOME>/.docker/contexts <-> /mnt/c/Users/torak/.docker/contexts
[2025-12-29T14:57:05.328804413Z][docker-desktop-user-distro] syncContextStores <HOME>/.docker/contexts <-> /mnt/c/Users/torak/.docker/contexts: syncNoop
-------------------------------------------------------------------------------->8
[2025-12-29T14:57:05.584605301Z][docker-desktop-user-distro] linkPathToWindows windowsPath = /mnt/c/Users/torak/.aws, linkPath = <HOME>/.aws
[2025-12-29T14:57:05.586899362Z][docker-desktop-user-distro] no need to symlink <HOME>/.aws to /mnt/c/Users/torak/.aws: they are the same path already
-------------------------------------------------------------------------------->8
[2025-12-29T14:57:05.934392870Z][docker-desktop-user-distro] linkPathToWindows windowsPath = /mnt/c/Users/torak/.azure, linkPath = <HOME>/.azure
[2025-12-29T14:57:05.938573154Z][docker-desktop-user-distro] no need to symlink <HOME>/.azure to /mnt/c/Users/torak/.azure: they are the same path already
-------------------------------------------------------------------------------->8
[2025-12-29T14:57:06.251309805Z][docker-desktop-user-distro] linkPathToWindows windowsPath = /mnt/c/Users/torak/.docker/features.json, linkPath = ~/.docker/features.json
